<?xml version="1.0" encoding="UTF-8"?>
<!-- Generated by org.testng.reporters.JUnitXMLReporter -->
<testsuite ignored="0" hostname="DESKTOP-RJ88POF" failures="0" tests="4" name="annotationDemo" time="0.005" errors="0" timestamp="2020-06-09T00:29:59 IST">
  <testcase classname="ExampleAnnotation1" name="test1" time="0.0"/>
  <testcase classname="ExampleAnnotation1" name="test2" time="0.0"/>
  <testcase classname="ExampleAnnotation2" name="test3" time="0.0"/>
  <testcase classname="ExampleAnnotation2" name="test4" time="0.0"/>
</testsuite> <!-- annotationDemo -->
