<?xml version="1.0" encoding="UTF-8"?>
<!-- Generated by org.testng.reporters.JUnitXMLReporter -->
<testsuite ignored="2" hostname="DESKTOP-RJ88POF" failures="0" tests="3" name="groupingTest" time="0.025" errors="0" timestamp="2020-06-09T00:29:59 IST">
  <testcase classname="GroupingExample" name="test3" time="0.002"/>
  <testcase classname="GroupingExample" name="test4" time="0.0"/>
  <testcase classname="GroupingExample" name="test5" time="0.0"/>
  <testcase classname="GroupingExample" name="test2" time="0.0">
    <ignored/>
  </testcase> <!-- test2 -->
  <testcase classname="GroupingExample" name="test1" time="0.0">
    <ignored/>
  </testcase> <!-- test1 -->
</testsuite> <!-- groupingTest -->
