<?xml version="1.0" encoding="UTF-8"?>
<testng-results skipped="0" failed="0" ignored="2" total="5" passed="3">
  <reporter-output>
  </reporter-output>
  <suite name="All Test Suite" duration-ms="26" started-at="2020-07-23T00:10:17 IST" finished-at="2020-07-23T00:10:17 IST">
    <groups>
      <group name="Regression">
        <method signature="GroupingExample.test3()[pri:0, instance:GroupingExample@1ce92674]" name="test3" class="GroupingExample"/>
        <method signature="GroupingExample.test4()[pri:0, instance:GroupingExample@1ce92674]" name="test4" class="GroupingExample"/>
        <method signature="GroupingExample.test5()[pri:0, instance:GroupingExample@1ce92674]" name="test5" class="GroupingExample"/>
      </group> <!-- Regression -->
      <group name="sanity">
        <method signature="GroupingExample.test5()[pri:0, instance:GroupingExample@1ce92674]" name="test5" class="GroupingExample"/>
      </group> <!-- sanity -->
    </groups>
    <test name="groupingTest" duration-ms="26" started-at="2020-07-23T00:10:17 IST" finished-at="2020-07-23T00:10:17 IST">
      <class name="GroupingExample">
        <test-method status="PASS" signature="test3()[pri:0, instance:GroupingExample@1ce92674]" name="test3" duration-ms="3" started-at="2020-07-23T00:10:17 IST" finished-at="2020-07-23T00:10:17 IST">
          <reporter-output>
          </reporter-output>
        </test-method> <!-- test3 -->
        <test-method status="PASS" signature="test4()[pri:0, instance:GroupingExample@1ce92674]" name="test4" duration-ms="0" started-at="2020-07-23T00:10:17 IST" finished-at="2020-07-23T00:10:17 IST">
          <reporter-output>
          </reporter-output>
        </test-method> <!-- test4 -->
        <test-method status="PASS" signature="test5()[pri:0, instance:GroupingExample@1ce92674]" name="test5" duration-ms="0" started-at="2020-07-23T00:10:17 IST" finished-at="2020-07-23T00:10:17 IST">
          <reporter-output>
          </reporter-output>
        </test-method> <!-- test5 -->
      </class> <!-- GroupingExample -->
    </test> <!-- groupingTest -->
  </suite> <!-- All Test Suite -->
</testng-results>
