<?xml version="1.0" encoding="UTF-8"?>
<testng-results ignored="2" total="9" passed="7" failed="0" skipped="0">
  <reporter-output>
  </reporter-output>
  <suite started-at="2020-06-09T00:29:59 IST" name="All Test Suite" finished-at="2020-06-09T00:29:59 IST" duration-ms="25">
    <groups>
      <group name="Regression">
        <method signature="GroupingExample.test3()[pri:0, instance:GroupingExample@5cee5251]" name="test3" class="GroupingExample"/>
        <method signature="GroupingExample.test4()[pri:0, instance:GroupingExample@5cee5251]" name="test4" class="GroupingExample"/>
        <method signature="GroupingExample.test5()[pri:0, instance:GroupingExample@5cee5251]" name="test5" class="GroupingExample"/>
      </group> <!-- Regression -->
      <group name="sanity">
        <method signature="GroupingExample.test5()[pri:0, instance:GroupingExample@5cee5251]" name="test5" class="GroupingExample"/>
      </group> <!-- sanity -->
    </groups>
    <test started-at="2020-06-09T00:29:59 IST" name="groupingTest" finished-at="2020-06-09T00:29:59 IST" duration-ms="25">
      <class name="GroupingExample">
        <test-method signature="test3()[pri:0, instance:GroupingExample@5cee5251]" started-at="2020-06-09T00:29:59 IST" name="test3" finished-at="2020-06-09T00:29:59 IST" duration-ms="2" status="PASS">
          <reporter-output>
          </reporter-output>
        </test-method> <!-- test3 -->
        <test-method signature="test4()[pri:0, instance:GroupingExample@5cee5251]" started-at="2020-06-09T00:29:59 IST" name="test4" finished-at="2020-06-09T00:29:59 IST" duration-ms="0" status="PASS">
          <reporter-output>
          </reporter-output>
        </test-method> <!-- test4 -->
        <test-method signature="test5()[pri:0, instance:GroupingExample@5cee5251]" started-at="2020-06-09T00:29:59 IST" name="test5" finished-at="2020-06-09T00:29:59 IST" duration-ms="0" status="PASS">
          <reporter-output>
          </reporter-output>
        </test-method> <!-- test5 -->
      </class> <!-- GroupingExample -->
    </test> <!-- groupingTest -->
  </suite> <!-- All Test Suite -->
  <suite started-at="2020-06-09T00:29:59 IST" name="All Test Suite (0)" finished-at="2020-06-09T00:29:59 IST" duration-ms="5">
    <groups>
    </groups>
    <test started-at="2020-06-09T00:29:59 IST" name="annotationDemo" finished-at="2020-06-09T00:29:59 IST" duration-ms="5">
      <class name="ExampleAnnotation2">
        <test-method is-config="true" signature="beforeTestsuite()[pri:0, instance:ExampleAnnotation2@48ae9b55]" started-at="2020-06-09T00:29:59 IST" name="beforeTestsuite" finished-at="2020-06-09T00:29:59 IST" duration-ms="0" status="PASS">
          <reporter-output>
          </reporter-output>
        </test-method> <!-- beforeTestsuite -->
        <test-method is-config="true" signature="beforeMethod()[pri:0, instance:ExampleAnnotation2@48ae9b55]" started-at="2020-06-09T00:29:59 IST" name="beforeMethod" finished-at="2020-06-09T00:29:59 IST" duration-ms="0" status="PASS">
          <reporter-output>
          </reporter-output>
        </test-method> <!-- beforeMethod -->
        <test-method signature="test3()[pri:0, instance:ExampleAnnotation2@48ae9b55]" started-at="2020-06-09T00:29:59 IST" name="test3" finished-at="2020-06-09T00:29:59 IST" duration-ms="0" status="PASS">
          <reporter-output>
          </reporter-output>
        </test-method> <!-- test3 -->
        <test-method is-config="true" signature="afterMethod()[pri:0, instance:ExampleAnnotation2@48ae9b55]" started-at="2020-06-09T00:29:59 IST" name="afterMethod" finished-at="2020-06-09T00:29:59 IST" duration-ms="1" status="PASS">
          <reporter-output>
          </reporter-output>
        </test-method> <!-- afterMethod -->
        <test-method is-config="true" signature="beforeClass()[pri:0, instance:ExampleAnnotation2@48ae9b55]" started-at="2020-06-09T00:29:59 IST" name="beforeClass" finished-at="2020-06-09T00:29:59 IST" duration-ms="0" status="PASS">
          <reporter-output>
          </reporter-output>
        </test-method> <!-- beforeClass -->
        <test-method is-config="true" signature="beforeMethod()[pri:0, instance:ExampleAnnotation2@48ae9b55]" started-at="2020-06-09T00:29:59 IST" name="beforeMethod" finished-at="2020-06-09T00:29:59 IST" duration-ms="0" status="PASS">
          <reporter-output>
          </reporter-output>
        </test-method> <!-- beforeMethod -->
        <test-method signature="test4()[pri:0, instance:ExampleAnnotation2@48ae9b55]" started-at="2020-06-09T00:29:59 IST" name="test4" finished-at="2020-06-09T00:29:59 IST" duration-ms="0" status="PASS">
          <reporter-output>
          </reporter-output>
        </test-method> <!-- test4 -->
        <test-method is-config="true" signature="afterClass()[pri:0, instance:ExampleAnnotation2@48ae9b55]" started-at="2020-06-09T00:29:59 IST" name="afterClass" finished-at="2020-06-09T00:29:59 IST" duration-ms="0" status="PASS">
          <reporter-output>
          </reporter-output>
        </test-method> <!-- afterClass -->
        <test-method is-config="true" signature="afterMethod()[pri:0, instance:ExampleAnnotation2@48ae9b55]" started-at="2020-06-09T00:29:59 IST" name="afterMethod" finished-at="2020-06-09T00:29:59 IST" duration-ms="0" status="PASS">
          <reporter-output>
          </reporter-output>
        </test-method> <!-- afterMethod -->
        <test-method is-config="true" signature="afterTestsuite()[pri:0, instance:ExampleAnnotation2@48ae9b55]" started-at="2020-06-09T00:29:59 IST" name="afterTestsuite" finished-at="2020-06-09T00:29:59 IST" duration-ms="1" status="PASS">
          <reporter-output>
          </reporter-output>
        </test-method> <!-- afterTestsuite -->
      </class> <!-- ExampleAnnotation2 -->
      <class name="ExampleAnnotation1">
        <test-method is-config="true" signature="beforeTest()[pri:0, instance:ExampleAnnotation1@1700915]" started-at="2020-06-09T00:29:59 IST" name="beforeTest" finished-at="2020-06-09T00:29:59 IST" duration-ms="0" status="PASS">
          <reporter-output>
          </reporter-output>
        </test-method> <!-- beforeTest -->
        <test-method is-config="true" signature="beforeClass()[pri:0, instance:ExampleAnnotation1@1700915]" started-at="2020-06-09T00:29:59 IST" name="beforeClass" finished-at="2020-06-09T00:29:59 IST" duration-ms="0" status="PASS">
          <reporter-output>
          </reporter-output>
        </test-method> <!-- beforeClass -->
        <test-method is-config="true" signature="beforeMethod()[pri:0, instance:ExampleAnnotation1@1700915]" started-at="2020-06-09T00:29:59 IST" name="beforeMethod" finished-at="2020-06-09T00:29:59 IST" duration-ms="1" status="PASS">
          <reporter-output>
          </reporter-output>
        </test-method> <!-- beforeMethod -->
        <test-method signature="test1()[pri:0, instance:ExampleAnnotation1@1700915]" started-at="2020-06-09T00:29:59 IST" name="test1" finished-at="2020-06-09T00:29:59 IST" duration-ms="0" status="PASS">
          <reporter-output>
          </reporter-output>
        </test-method> <!-- test1 -->
        <test-method is-config="true" signature="beforeMethod()[pri:0, instance:ExampleAnnotation1@1700915]" started-at="2020-06-09T00:29:59 IST" name="beforeMethod" finished-at="2020-06-09T00:29:59 IST" duration-ms="1" status="PASS">
          <reporter-output>
          </reporter-output>
        </test-method> <!-- beforeMethod -->
        <test-method is-config="true" signature="afterMethod()[pri:0, instance:ExampleAnnotation1@1700915]" started-at="2020-06-09T00:29:59 IST" name="afterMethod" finished-at="2020-06-09T00:29:59 IST" duration-ms="0" status="PASS">
          <reporter-output>
          </reporter-output>
        </test-method> <!-- afterMethod -->
        <test-method is-config="true" signature="afterMethod()[pri:0, instance:ExampleAnnotation1@1700915]" started-at="2020-06-09T00:29:59 IST" name="afterMethod" finished-at="2020-06-09T00:29:59 IST" duration-ms="0" status="PASS">
          <reporter-output>
          </reporter-output>
        </test-method> <!-- afterMethod -->
        <test-method signature="test2()[pri:0, instance:ExampleAnnotation1@1700915]" started-at="2020-06-09T00:29:59 IST" name="test2" finished-at="2020-06-09T00:29:59 IST" duration-ms="0" status="PASS">
          <reporter-output>
          </reporter-output>
        </test-method> <!-- test2 -->
        <test-method is-config="true" signature="afterClass()[pri:0, instance:ExampleAnnotation1@1700915]" started-at="2020-06-09T00:29:59 IST" name="afterClass" finished-at="2020-06-09T00:29:59 IST" duration-ms="0" status="PASS">
          <reporter-output>
          </reporter-output>
        </test-method> <!-- afterClass -->
        <test-method is-config="true" signature="afterTest()[pri:0, instance:ExampleAnnotation1@1700915]" started-at="2020-06-09T00:29:59 IST" name="afterTest" finished-at="2020-06-09T00:29:59 IST" duration-ms="0" status="PASS">
          <reporter-output>
          </reporter-output>
        </test-method> <!-- afterTest -->
      </class> <!-- ExampleAnnotation1 -->
    </test> <!-- annotationDemo -->
  </suite> <!-- All Test Suite (0) -->
</testng-results>
