<?xml version="1.0" encoding="UTF-8"?>
<!-- Generated by org.testng.reporters.JUnitXMLReporter -->
<testsuite hostname="DESKTOP-RJ88POF" ignored="2" tests="3" failures="0" timestamp="2020-07-23T00:10:17 IST" time="0.026" errors="0">
  <testcase name="test3" time="0.003" classname="GroupingExample"/>
  <testcase name="test4" time="0.0" classname="GroupingExample"/>
  <testcase name="test5" time="0.0" classname="GroupingExample"/>
  <testcase name="test2" time="0.0" classname="GroupingExample">
    <ignored/>
  </testcase> <!-- test2 -->
  <testcase name="test1" time="0.0" classname="GroupingExample">
    <ignored/>
  </testcase> <!-- test1 -->
</testsuite>
